-DEBUG-2019/04/12 14:15:56,070-hu.web.service.impl.UserServiceImpl.checkUserLoginService(UserServiceImpl.java:15)-15-徐晓庆请求登录
-DEBUG-2019/04/12 14:15:56,727-hu.web.service.impl.UserServiceImpl.checkUserLoginService(UserServiceImpl.java:23)-23-徐晓庆登录失败
-DEBUG-2019/04/12 14:19:47,895-hu.web.service.impl.UserServiceImpl.checkUserLoginService(UserServiceImpl.java:15)-15-徐晓庆请求登录
-DEBUG-2019/04/12 14:19:48,522-hu.web.service.impl.UserServiceImpl.checkUserLoginService(UserServiceImpl.java:21)-21-徐晓庆登录成功
-DEBUG-2019/04/12 14:34:59,718-hu.web.service.impl.UserServiceImpl.checkUserLoginService(UserServiceImpl.java:15)-15-徐晓庆请求登录
-DEBUG-2019/04/12 14:35:00,309-hu.web.service.impl.UserServiceImpl.checkUserLoginService(UserServiceImpl.java:21)-21-徐晓庆登录成功
-DEBUG-2019/04/12 14:48:40,296-hu.web.service.impl.UserServiceImpl.checkUserLoginService(UserServiceImpl.java:15)-15-徐晓庆请求登录
-DEBUG-2019/04/12 14:48:40,826-hu.web.service.impl.UserServiceImpl.checkUserLoginService(UserServiceImpl.java:21)-21-徐晓庆登录成功
-DEBUG-2019/04/12 15:01:24,339-hu.web.service.impl.UserServiceImpl.checkUserLoginService(UserServiceImpl.java:15)-15-徐晓庆请求登录
-DEBUG-2019/04/12 15:01:24,892-hu.web.service.impl.UserServiceImpl.checkUserLoginService(UserServiceImpl.java:21)-21-徐晓庆登录成功
-DEBUG-2019/04/12 15:02:44,253-hu.web.service.impl.UserServiceImpl.checkUserLoginService(UserServiceImpl.java:15)-15-徐晓庆请求登录
-DEBUG-2019/04/12 15:02:44,824-hu.web.service.impl.UserServiceImpl.checkUserLoginService(UserServiceImpl.java:21)-21-徐晓庆登录成功
-DEBUG-2019/04/12 15:08:59,799-hu.web.service.impl.UserServiceImpl.checkUserLoginService(UserServiceImpl.java:15)-15-徐晓庆请求登录
-DEBUG-2019/04/12 15:09:00,380-hu.web.service.impl.UserServiceImpl.checkUserLoginService(UserServiceImpl.java:21)-21-徐晓庆登录成功
-DEBUG-2019/04/12 15:09:52,218-hu.web.service.impl.UserServiceImpl.checkUserLoginService(UserServiceImpl.java:15)-15-徐晓庆请求登录
-DEBUG-2019/04/12 15:09:52,228-hu.web.service.impl.UserServiceImpl.checkUserLoginService(UserServiceImpl.java:21)-21-徐晓庆登录成功
-DEBUG-2019/04/12 15:20:45,271-hu.web.service.impl.UserServiceImpl.checkUserLoginService(UserServiceImpl.java:15)-15-徐晓庆请求登录
-DEBUG-2019/04/12 15:20:45,737-hu.web.service.impl.UserServiceImpl.checkUserLoginService(UserServiceImpl.java:21)-21-徐晓庆登录成功
-DEBUG-2019/04/12 15:22:13,412-hu.web.service.impl.UserServiceImpl.checkUserLoginService(UserServiceImpl.java:15)-15-徐晓庆请求登录
-DEBUG-2019/04/12 15:22:14,027-hu.web.service.impl.UserServiceImpl.checkUserLoginService(UserServiceImpl.java:21)-21-徐晓庆登录成功
-DEBUG-2019/04/12 15:25:41,744-hu.web.service.impl.UserServiceImpl.checkUserLoginService(UserServiceImpl.java:15)-15-徐晓庆请求登录
-DEBUG-2019/04/12 15:25:42,338-hu.web.service.impl.UserServiceImpl.checkUserLoginService(UserServiceImpl.java:21)-21-徐晓庆登录成功
-DEBUG-2019/04/13 17:39:55,495-hu.web.service.impl.UserServiceImpl.checkUserLoginService(UserServiceImpl.java:15)-15-123请求登录
-DEBUG-2019/04/13 17:39:55,991-hu.web.service.impl.UserServiceImpl.checkUserLoginService(UserServiceImpl.java:23)-23-123登录失败
-DEBUG-2019/04/13 17:40:11,153-hu.web.service.impl.UserServiceImpl.checkUserLoginService(UserServiceImpl.java:15)-15-徐晓庆请求登录
-DEBUG-2019/04/13 17:40:11,169-hu.web.service.impl.UserServiceImpl.checkUserLoginService(UserServiceImpl.java:21)-21-徐晓庆登录成功
-DEBUG-2019/04/13 18:06:08,009-hu.web.service.impl.UserServiceImpl.checkUserLoginService(UserServiceImpl.java:15)-15-徐晓庆请求登录
-DEBUG-2019/04/13 18:06:08,664-hu.web.service.impl.UserServiceImpl.checkUserLoginService(UserServiceImpl.java:21)-21-徐晓庆登录成功
-DEBUG-2019/04/13 18:32:14,602-hu.web.service.impl.UserServiceImpl.checkUserLoginService(UserServiceImpl.java:15)-15-徐晓庆请求登录
-DEBUG-2019/04/13 18:32:15,224-hu.web.service.impl.UserServiceImpl.checkUserLoginService(UserServiceImpl.java:21)-21-徐晓庆登录成功
-DEBUG-2019/04/13 18:44:39,619-hu.web.service.impl.UserServiceImpl.checkUserLoginService(UserServiceImpl.java:15)-15-徐晓庆请求登录
-DEBUG-2019/04/13 18:44:39,632-hu.web.service.impl.UserServiceImpl.checkUserLoginService(UserServiceImpl.java:21)-21-徐晓庆登录成功
-DEBUG-2019/04/13 21:05:36,460-hu.web.service.impl.UserServiceImpl.checkUserLoginService(UserServiceImpl.java:15)-15-徐晓庆请求登录
-DEBUG-2019/04/13 21:05:37,098-hu.web.service.impl.UserServiceImpl.checkUserLoginService(UserServiceImpl.java:21)-21-徐晓庆登录成功
-DEBUG-2019/04/13 21:40:54,594-hu.web.service.impl.UserServiceImpl.checkUserLoginService(UserServiceImpl.java:17)-17-徐晓庆请求登录
-DEBUG-2019/04/13 21:40:55,170-hu.web.service.impl.UserServiceImpl.checkUserLoginService(UserServiceImpl.java:23)-23-徐晓庆登录成功
-DEBUG-2019/04/13 21:41:10,008-hu.web.service.impl.UserServiceImpl.updatePwdService(UserServiceImpl.java:34)-34-1请求修改密码
-DEBUG-2019/04/13 21:41:10,026-hu.web.service.impl.UserServiceImpl.updatePwdService(UserServiceImpl.java:37)-37-1修改密码成功
-DEBUG-2019/04/13 21:42:17,632-hu.web.service.impl.UserServiceImpl.checkUserLoginService(UserServiceImpl.java:17)-17-徐晓庆请求登录
-DEBUG-2019/04/13 21:42:18,180-hu.web.service.impl.UserServiceImpl.checkUserLoginService(UserServiceImpl.java:23)-23-徐晓庆登录成功
-DEBUG-2019/04/13 21:45:55,133-hu.web.service.impl.UserServiceImpl.checkUserLoginService(UserServiceImpl.java:17)-17-徐晓庆请求登录
-DEBUG-2019/04/13 21:45:55,681-hu.web.service.impl.UserServiceImpl.checkUserLoginService(UserServiceImpl.java:23)-23-徐晓庆登录成功
-DEBUG-2019/04/13 21:46:11,272-hu.web.service.impl.UserServiceImpl.updatePwdService(UserServiceImpl.java:34)-34-1请求修改密码
-DEBUG-2019/04/13 21:46:11,284-hu.web.service.impl.UserServiceImpl.updatePwdService(UserServiceImpl.java:37)-37-1修改密码成功
-DEBUG-2019/04/13 21:46:38,870-hu.web.service.impl.UserServiceImpl.updatePwdService(UserServiceImpl.java:34)-34-1请求修改密码
-DEBUG-2019/04/13 21:46:38,897-hu.web.service.impl.UserServiceImpl.updatePwdService(UserServiceImpl.java:37)-37-1修改密码成功
-DEBUG-2019/04/13 21:46:57,356-hu.web.service.impl.UserServiceImpl.updatePwdService(UserServiceImpl.java:34)-34-1请求修改密码
-DEBUG-2019/04/13 21:46:57,367-hu.web.service.impl.UserServiceImpl.updatePwdService(UserServiceImpl.java:37)-37-1修改密码成功
-DEBUG-2019/04/14 18:13:34,269-hu.web.service.impl.UserServiceImpl.checkUserLoginService(UserServiceImpl.java:17)-17-徐晓庆请求登录
-DEBUG-2019/04/14 18:13:34,875-hu.web.service.impl.UserServiceImpl.checkUserLoginService(UserServiceImpl.java:25)-25-徐晓庆登录失败
-DEBUG-2019/04/14 18:13:48,529-hu.web.service.impl.UserServiceImpl.checkUserLoginService(UserServiceImpl.java:17)-17-徐晓庆请求登录
-DEBUG-2019/04/14 18:13:48,546-hu.web.service.impl.UserServiceImpl.checkUserLoginService(UserServiceImpl.java:23)-23-徐晓庆登录成功
-DEBUG-2019/04/14 18:14:03,916-hu.web.service.impl.UserServiceImpl.updatePwdService(UserServiceImpl.java:34)-34-1请求修改密码
-DEBUG-2019/04/14 18:14:03,928-hu.web.service.impl.UserServiceImpl.updatePwdService(UserServiceImpl.java:37)-37-1修改密码成功
-DEBUG-2019/04/14 18:15:08,792-hu.web.service.impl.UserServiceImpl.checkUserLoginService(UserServiceImpl.java:17)-17-徐晓庆请求登录
-DEBUG-2019/04/14 18:15:09,360-hu.web.service.impl.UserServiceImpl.checkUserLoginService(UserServiceImpl.java:23)-23-徐晓庆登录成功
-DEBUG-2019/04/14 18:15:24,381-hu.web.service.impl.UserServiceImpl.updatePwdService(UserServiceImpl.java:34)-34-1请求修改密码
-DEBUG-2019/04/14 18:15:24,391-hu.web.service.impl.UserServiceImpl.updatePwdService(UserServiceImpl.java:37)-37-1修改密码成功
-DEBUG-2019/04/14 18:18:09,700-hu.web.service.impl.UserServiceImpl.checkUserLoginService(UserServiceImpl.java:17)-17-徐晓庆请求登录
-DEBUG-2019/04/14 18:18:10,195-hu.web.service.impl.UserServiceImpl.checkUserLoginService(UserServiceImpl.java:23)-23-徐晓庆登录成功
-DEBUG-2019/04/14 18:18:17,719-hu.web.service.impl.UserServiceImpl.updatePwdService(UserServiceImpl.java:34)-34-1请求修改密码
-DEBUG-2019/04/14 18:18:17,729-hu.web.service.impl.UserServiceImpl.updatePwdService(UserServiceImpl.java:37)-37-1修改密码成功
-DEBUG-2019/04/14 18:23:13,678-hu.web.service.impl.UserServiceImpl.checkUserLoginService(UserServiceImpl.java:17)-17-徐晓庆请求登录
-DEBUG-2019/04/14 18:23:14,101-hu.web.service.impl.UserServiceImpl.checkUserLoginService(UserServiceImpl.java:23)-23-徐晓庆登录成功
-DEBUG-2019/04/14 18:23:33,539-hu.web.service.impl.UserServiceImpl.updatePwdService(UserServiceImpl.java:34)-34-1请求修改密码
-DEBUG-2019/04/14 18:23:33,562-hu.web.service.impl.UserServiceImpl.updatePwdService(UserServiceImpl.java:37)-37-1修改密码成功
-DEBUG-2019/04/14 18:23:45,819-hu.web.service.impl.UserServiceImpl.checkUserLoginService(UserServiceImpl.java:17)-17-徐晓庆请求登录
-DEBUG-2019/04/14 18:23:45,829-hu.web.service.impl.UserServiceImpl.checkUserLoginService(UserServiceImpl.java:23)-23-徐晓庆登录成功
-DEBUG-2019/04/14 18:31:29,308-hu.web.service.impl.UserServiceImpl.checkUserLoginService(UserServiceImpl.java:17)-17-徐晓庆请求登录
-DEBUG-2019/04/14 18:31:29,854-hu.web.service.impl.UserServiceImpl.checkUserLoginService(UserServiceImpl.java:23)-23-徐晓庆登录成功
-DEBUG-2019/04/14 18:51:07,995-hu.web.service.impl.UserServiceImpl.checkUserLoginService(UserServiceImpl.java:18)-18-徐晓庆请求登录
-DEBUG-2019/04/14 18:51:08,571-hu.web.service.impl.UserServiceImpl.checkUserLoginService(UserServiceImpl.java:24)-24-徐晓庆登录成功
-DEBUG-2019/04/14 18:54:04,021-hu.web.service.impl.UserServiceImpl.checkUserLoginService(UserServiceImpl.java:18)-18-徐晓庆请求登录
-DEBUG-2019/04/14 18:54:04,684-hu.web.service.impl.UserServiceImpl.checkUserLoginService(UserServiceImpl.java:24)-24-徐晓庆登录成功
-DEBUG-2019/04/14 18:55:26,358-hu.web.service.impl.UserServiceImpl.checkUserLoginService(UserServiceImpl.java:18)-18-徐晓庆请求登录
-DEBUG-2019/04/14 18:55:26,923-hu.web.service.impl.UserServiceImpl.checkUserLoginService(UserServiceImpl.java:24)-24-徐晓庆登录成功
-DEBUG-2019/04/14 18:55:31,137-hu.web.service.impl.UserServiceImpl.userShowService(UserServiceImpl.java:50)-50-请求所有用户信息
-DEBUG-2019/04/14 18:55:31,145-hu.web.service.impl.UserServiceImpl.userShowService(UserServiceImpl.java:54)-54-获得所有用户信息
-DEBUG-2019/04/14 19:22:34,368-hu.web.service.impl.UserServiceImpl.userShowService(UserServiceImpl.java:50)-50-请求所有用户信息
-DEBUG-2019/04/14 19:22:34,829-hu.web.service.impl.UserServiceImpl.userShowService(UserServiceImpl.java:54)-54-获得所有用户信息
-DEBUG-2019/04/14 19:23:14,343-hu.web.service.impl.UserServiceImpl.userShowService(UserServiceImpl.java:50)-50-请求所有用户信息
-DEBUG-2019/04/14 19:23:14,717-hu.web.service.impl.UserServiceImpl.userShowService(UserServiceImpl.java:54)-54-获得所有用户信息
-DEBUG-2019/04/14 19:23:17,490-hu.web.service.impl.UserServiceImpl.userShowService(UserServiceImpl.java:50)-50-请求所有用户信息
-DEBUG-2019/04/14 19:23:17,498-hu.web.service.impl.UserServiceImpl.userShowService(UserServiceImpl.java:54)-54-获得所有用户信息
-DEBUG-2019/04/14 19:23:34,413-hu.web.service.impl.UserServiceImpl.userShowService(UserServiceImpl.java:50)-50-请求所有用户信息
-DEBUG-2019/04/14 19:23:34,790-hu.web.service.impl.UserServiceImpl.userShowService(UserServiceImpl.java:54)-54-获得所有用户信息
-DEBUG-2019/04/14 19:24:40,294-hu.web.service.impl.UserServiceImpl.checkUserLoginService(UserServiceImpl.java:18)-18-徐晓庆请求登录
-DEBUG-2019/04/14 19:24:40,304-hu.web.service.impl.UserServiceImpl.checkUserLoginService(UserServiceImpl.java:24)-24-徐晓庆登录成功
-DEBUG-2019/04/14 19:24:44,907-hu.web.service.impl.UserServiceImpl.userShowService(UserServiceImpl.java:50)-50-请求所有用户信息
-DEBUG-2019/04/14 19:24:44,913-hu.web.service.impl.UserServiceImpl.userShowService(UserServiceImpl.java:54)-54-获得所有用户信息
-DEBUG-2019/04/14 19:24:50,683-hu.web.service.impl.UserServiceImpl.userShowService(UserServiceImpl.java:50)-50-请求所有用户信息
-DEBUG-2019/04/14 19:24:50,689-hu.web.service.impl.UserServiceImpl.userShowService(UserServiceImpl.java:54)-54-获得所有用户信息
-DEBUG-2019/04/14 20:16:50,780-hu.web.service.impl.UserServiceImpl.userRegService(UserServiceImpl.java:68)-68-用户注册
-DEBUG-2019/04/14 20:16:51,202-hu.web.service.impl.UserServiceImpl.userRegService(UserServiceImpl.java:71)-71-用户注册成功
-DEBUG-2019/04/14 20:17:04,065-hu.web.service.impl.UserServiceImpl.checkUserLoginService(UserServiceImpl.java:18)-18-胡鹏成请求登录
-DEBUG-2019/04/14 20:17:04,122-hu.web.service.impl.UserServiceImpl.checkUserLoginService(UserServiceImpl.java:24)-24-胡鹏成登录成功
-DEBUG-2019/04/14 20:17:12,727-hu.web.service.impl.UserServiceImpl.userShowService(UserServiceImpl.java:50)-50-请求所有用户信息
-DEBUG-2019/04/14 20:17:12,733-hu.web.service.impl.UserServiceImpl.userShowService(UserServiceImpl.java:54)-54-获得所有用户信息
-DEBUG-2019/04/14 20:33:29,263-hu.web.service.impl.UserServiceImpl.checkUserLoginService(UserServiceImpl.java:18)-18-徐晓庆请求登录
-DEBUG-2019/04/14 20:33:29,870-hu.web.service.impl.UserServiceImpl.checkUserLoginService(UserServiceImpl.java:24)-24-徐晓庆登录成功
-DEBUG-2019/04/16 22:37:38,814-hu.web.service.impl.UserServiceImpl.checkUserLoginService(UserServiceImpl.java:18)-18-徐晓庆请求登录
-DEBUG-2019/04/16 22:37:39,408-hu.web.service.impl.UserServiceImpl.checkUserLoginService(UserServiceImpl.java:26)-26-徐晓庆登录失败
-DEBUG-2019/04/16 22:37:52,793-hu.web.service.impl.UserServiceImpl.checkUserLoginService(UserServiceImpl.java:18)-18-徐晓庆请求登录
-DEBUG-2019/04/16 22:37:52,808-hu.web.service.impl.UserServiceImpl.checkUserLoginService(UserServiceImpl.java:26)-26-徐晓庆登录失败
-DEBUG-2019/04/16 22:42:39,951-hu.web.service.impl.UserServiceImpl.checkUserLoginService(UserServiceImpl.java:18)-18-xvxiaoqing请求登录
-DEBUG-2019/04/16 22:42:40,500-hu.web.service.impl.UserServiceImpl.checkUserLoginService(UserServiceImpl.java:26)-26-xvxiaoqing登录失败
-DEBUG-2019/04/16 22:42:47,773-hu.web.service.impl.UserServiceImpl.checkUserLoginService(UserServiceImpl.java:18)-18-徐晓庆请求登录
-DEBUG-2019/04/16 22:42:47,782-hu.web.service.impl.UserServiceImpl.checkUserLoginService(UserServiceImpl.java:26)-26-徐晓庆登录失败
-DEBUG-2019/04/16 22:43:03,753-hu.web.service.impl.UserServiceImpl.checkUserLoginService(UserServiceImpl.java:18)-18-xvxiaoqing请求登录
-DEBUG-2019/04/16 22:43:03,760-hu.web.service.impl.UserServiceImpl.checkUserLoginService(UserServiceImpl.java:26)-26-xvxiaoqing登录失败
-DEBUG-2019/04/16 22:51:47,645-hu.web.service.impl.UserServiceImpl.checkUserLoginService(UserServiceImpl.java:18)-18-徐晓庆请求登录
-DEBUG-2019/04/16 22:51:48,154-hu.web.service.impl.UserServiceImpl.checkUserLoginService(UserServiceImpl.java:26)-26-徐晓庆登录失败
-DEBUG-2019/04/16 22:52:01,570-hu.web.service.impl.UserServiceImpl.checkUserLoginService(UserServiceImpl.java:18)-18-徐晓庆请求登录
-DEBUG-2019/04/16 22:52:01,597-hu.web.service.impl.UserServiceImpl.checkUserLoginService(UserServiceImpl.java:24)-24-徐晓庆登录成功
-DEBUG-2019/04/16 22:52:09,275-hu.web.service.impl.UserServiceImpl.updatePwdService(UserServiceImpl.java:35)-35-1请求修改密码
-DEBUG-2019/04/16 22:52:09,288-hu.web.service.impl.UserServiceImpl.updatePwdService(UserServiceImpl.java:38)-38-1修改密码成功
-DEBUG-2019/04/16 22:52:27,099-hu.web.service.impl.UserServiceImpl.checkUserLoginService(UserServiceImpl.java:18)-18-徐晓庆请求登录
-DEBUG-2019/04/16 22:52:27,105-hu.web.service.impl.UserServiceImpl.checkUserLoginService(UserServiceImpl.java:24)-24-徐晓庆登录成功
-DEBUG-2019/04/16 22:52:37,740-hu.web.service.impl.UserServiceImpl.updatePwdService(UserServiceImpl.java:35)-35-1请求修改密码
-DEBUG-2019/04/16 22:52:37,748-hu.web.service.impl.UserServiceImpl.updatePwdService(UserServiceImpl.java:38)-38-1修改密码成功
-DEBUG-2019/04/16 22:53:07,366-hu.web.service.impl.UserServiceImpl.userRegService(UserServiceImpl.java:68)-68-用户注册
-DEBUG-2019/04/16 22:53:07,379-hu.web.service.impl.UserServiceImpl.userRegService(UserServiceImpl.java:71)-71-用户注册成功
-DEBUG-2019/04/16 22:55:29,379-hu.web.service.impl.UserServiceImpl.checkUserLoginService(UserServiceImpl.java:18)-18-徐晓庆请求登录
-DEBUG-2019/04/16 22:55:29,983-hu.web.service.impl.UserServiceImpl.checkUserLoginService(UserServiceImpl.java:26)-26-徐晓庆登录失败
-DEBUG-2019/04/16 22:57:31,178-hu.web.service.impl.UserServiceImpl.checkUserLoginService(UserServiceImpl.java:18)-18-徐晓庆请求登录
-DEBUG-2019/04/16 22:57:31,689-hu.web.service.impl.UserServiceImpl.checkUserLoginService(UserServiceImpl.java:26)-26-徐晓庆登录失败
-DEBUG-2019/04/16 22:59:08,692-hu.web.service.impl.UserServiceImpl.checkUserLoginService(UserServiceImpl.java:18)-18-徐爱请求登录
-DEBUG-2019/04/16 22:59:09,328-hu.web.service.impl.UserServiceImpl.checkUserLoginService(UserServiceImpl.java:26)-26-徐爱登录失败
-DEBUG-2019/04/16 22:59:09,346-hu.web.servlet.UserServlet.checkUserLogin(UserServlet.java:204)-204-请求转发失败
-DEBUG-2019/04/16 22:59:19,174-hu.web.service.impl.UserServiceImpl.checkUserLoginService(UserServiceImpl.java:18)-18-徐爱请求登录
-DEBUG-2019/04/16 22:59:19,183-hu.web.service.impl.UserServiceImpl.checkUserLoginService(UserServiceImpl.java:26)-26-徐爱登录失败
-DEBUG-2019/04/16 22:59:19,196-hu.web.servlet.UserServlet.checkUserLogin(UserServlet.java:204)-204-请求转发失败
-DEBUG-2019/04/16 23:00:48,472-hu.web.service.impl.UserServiceImpl.checkUserLoginService(UserServiceImpl.java:18)-18-xvxiaoqing请求登录
-DEBUG-2019/04/16 23:00:49,036-hu.web.service.impl.UserServiceImpl.checkUserLoginService(UserServiceImpl.java:26)-26-xvxiaoqing登录失败
-DEBUG-2019/04/16 23:00:59,076-hu.web.service.impl.UserServiceImpl.checkUserLoginService(UserServiceImpl.java:18)-18-徐晓庆请求登录
-DEBUG-2019/04/16 23:00:59,097-hu.web.service.impl.UserServiceImpl.checkUserLoginService(UserServiceImpl.java:24)-24-徐晓庆登录成功
-DEBUG-2019/04/16 23:01:07,717-hu.web.service.impl.UserServiceImpl.updatePwdService(UserServiceImpl.java:35)-35-1请求修改密码
-DEBUG-2019/04/16 23:01:07,728-hu.web.service.impl.UserServiceImpl.updatePwdService(UserServiceImpl.java:38)-38-1修改密码成功
-DEBUG-2019/04/16 23:07:06,858-hu.web.service.impl.UserServiceImpl.checkUserLoginService(UserServiceImpl.java:18)-18-徐晓庆请求登录
-DEBUG-2019/04/16 23:07:07,622-hu.web.service.impl.UserServiceImpl.checkUserLoginService(UserServiceImpl.java:26)-26-徐晓庆登录失败
-DEBUG-2019/04/16 23:07:17,997-hu.web.service.impl.UserServiceImpl.checkUserLoginService(UserServiceImpl.java:18)-18-徐晓庆请求登录
-DEBUG-2019/04/16 23:07:18,017-hu.web.service.impl.UserServiceImpl.checkUserLoginService(UserServiceImpl.java:24)-24-徐晓庆登录成功
-DEBUG-2019/04/16 23:07:24,163-hu.web.service.impl.UserServiceImpl.userShowService(UserServiceImpl.java:50)-50-请求所有用户信息
-DEBUG-2019/04/16 23:07:24,168-hu.web.service.impl.UserServiceImpl.userShowService(UserServiceImpl.java:54)-54-获得所有用户信息
-DEBUG-2019/04/16 23:07:25,154-hu.web.servlet.UserServlet.userShow(UserServlet.java:109)-109-获取所有用户信息转发失败
-DEBUG-2019/04/16 23:07:27,576-hu.web.service.impl.UserServiceImpl.userShowService(UserServiceImpl.java:50)-50-请求所有用户信息
-DEBUG-2019/04/16 23:07:27,584-hu.web.service.impl.UserServiceImpl.userShowService(UserServiceImpl.java:54)-54-获得所有用户信息
-DEBUG-2019/04/16 23:07:27,588-hu.web.servlet.UserServlet.userShow(UserServlet.java:109)-109-获取所有用户信息转发失败
-DEBUG-2019/04/16 23:07:28,391-hu.web.service.impl.UserServiceImpl.userShowService(UserServiceImpl.java:50)-50-请求所有用户信息
-DEBUG-2019/04/16 23:07:28,398-hu.web.service.impl.UserServiceImpl.userShowService(UserServiceImpl.java:54)-54-获得所有用户信息
-DEBUG-2019/04/16 23:07:28,403-hu.web.servlet.UserServlet.userShow(UserServlet.java:109)-109-获取所有用户信息转发失败
-DEBUG-2019/04/16 23:07:28,578-hu.web.service.impl.UserServiceImpl.userShowService(UserServiceImpl.java:50)-50-请求所有用户信息
-DEBUG-2019/04/16 23:07:28,583-hu.web.service.impl.UserServiceImpl.userShowService(UserServiceImpl.java:54)-54-获得所有用户信息
-DEBUG-2019/04/16 23:07:28,586-hu.web.servlet.UserServlet.userShow(UserServlet.java:109)-109-获取所有用户信息转发失败
-DEBUG-2019/04/16 23:07:28,751-hu.web.service.impl.UserServiceImpl.userShowService(UserServiceImpl.java:50)-50-请求所有用户信息
-DEBUG-2019/04/16 23:07:28,757-hu.web.service.impl.UserServiceImpl.userShowService(UserServiceImpl.java:54)-54-获得所有用户信息
-DEBUG-2019/04/16 23:07:28,760-hu.web.servlet.UserServlet.userShow(UserServlet.java:109)-109-获取所有用户信息转发失败
-DEBUG-2019/04/16 23:07:28,936-hu.web.service.impl.UserServiceImpl.userShowService(UserServiceImpl.java:50)-50-请求所有用户信息
-DEBUG-2019/04/16 23:07:28,944-hu.web.service.impl.UserServiceImpl.userShowService(UserServiceImpl.java:54)-54-获得所有用户信息
-DEBUG-2019/04/16 23:07:28,948-hu.web.servlet.UserServlet.userShow(UserServlet.java:109)-109-获取所有用户信息转发失败
-DEBUG-2019/04/16 23:07:29,442-hu.web.service.impl.UserServiceImpl.userShowService(UserServiceImpl.java:50)-50-请求所有用户信息
-DEBUG-2019/04/16 23:07:29,447-hu.web.service.impl.UserServiceImpl.userShowService(UserServiceImpl.java:54)-54-获得所有用户信息
-DEBUG-2019/04/16 23:07:29,451-hu.web.servlet.UserServlet.userShow(UserServlet.java:109)-109-获取所有用户信息转发失败
-DEBUG-2019/04/16 23:07:42,785-hu.web.service.impl.UserServiceImpl.updatePwdService(UserServiceImpl.java:35)-35-1请求修改密码
-DEBUG-2019/04/16 23:07:42,813-hu.web.service.impl.UserServiceImpl.updatePwdService(UserServiceImpl.java:38)-38-1修改密码成功
-DEBUG-2019/04/16 23:09:39,882-hu.web.service.impl.UserServiceImpl.checkUserLoginService(UserServiceImpl.java:18)-18-徐晓庆请求登录
-DEBUG-2019/04/16 23:09:40,547-hu.web.service.impl.UserServiceImpl.checkUserLoginService(UserServiceImpl.java:24)-24-徐晓庆登录成功
-DEBUG-2019/04/16 23:09:43,271-hu.web.service.impl.UserServiceImpl.userShowService(UserServiceImpl.java:50)-50-请求所有用户信息
-DEBUG-2019/04/16 23:09:43,278-hu.web.service.impl.UserServiceImpl.userShowService(UserServiceImpl.java:54)-54-获得所有用户信息
-DEBUG-2019/04/17 10:23:37,658-hu.web.service.impl.UserServiceImpl.checkUserLoginService(UserServiceImpl.java:18)-18-徐晓庆请求登录
-DEBUG-2019/04/17 10:23:38,288-hu.web.service.impl.UserServiceImpl.checkUserLoginService(UserServiceImpl.java:24)-24-徐晓庆登录成功
-DEBUG-2019/04/17 10:24:15,722-hu.web.service.impl.UserServiceImpl.checkUserLoginService(UserServiceImpl.java:18)-18-欣小萌请求登录
-DEBUG-2019/04/17 10:24:15,731-hu.web.service.impl.UserServiceImpl.checkUserLoginService(UserServiceImpl.java:24)-24-欣小萌登录成功
-DEBUG-2019/04/17 10:33:56,420-hu.web.service.impl.UserServiceImpl.checkUserLoginService(UserServiceImpl.java:18)-18-徐晓庆请求登录
-DEBUG-2019/04/17 10:33:57,057-hu.web.service.impl.UserServiceImpl.checkUserLoginService(UserServiceImpl.java:24)-24-徐晓庆登录成功
-DEBUG-2019/04/17 10:34:18,524-hu.web.service.impl.UserServiceImpl.checkUserLoginService(UserServiceImpl.java:18)-18-张鹏请求登录
-DEBUG-2019/04/17 10:34:18,534-hu.web.service.impl.UserServiceImpl.checkUserLoginService(UserServiceImpl.java:26)-26-张鹏登录失败
-DEBUG-2019/04/17 10:34:33,875-hu.web.service.impl.UserServiceImpl.checkUserLoginService(UserServiceImpl.java:18)-18-欣小萌请求登录
-DEBUG-2019/04/17 10:34:33,883-hu.web.service.impl.UserServiceImpl.checkUserLoginService(UserServiceImpl.java:24)-24-欣小萌登录成功
-DEBUG-2019/04/17 10:36:31,629-hu.web.service.impl.UserServiceImpl.checkUserLoginService(UserServiceImpl.java:18)-18-徐晓庆请求登录
-DEBUG-2019/04/17 10:36:32,167-hu.web.service.impl.UserServiceImpl.checkUserLoginService(UserServiceImpl.java:24)-24-徐晓庆登录成功
-DEBUG-2019/04/17 10:37:47,158-hu.web.service.impl.UserServiceImpl.checkUserLoginService(UserServiceImpl.java:18)-18-欣小萌请求登录
-DEBUG-2019/04/17 10:37:47,178-hu.web.service.impl.UserServiceImpl.checkUserLoginService(UserServiceImpl.java:24)-24-欣小萌登录成功
